mode: set
github.com/maxim-programmer/reimagined-journey/backend/internal/chunker/chunker.go:12.34,16.16 3 1
github.com/maxim-programmer/reimagined-journey/backend/internal/chunker/chunker.go:16.16,18.3 1 1
github.com/maxim-programmer/reimagined-journey/backend/internal/chunker/chunker.go:20.2,23.47 3 1
github.com/maxim-programmer/reimagined-journey/backend/internal/chunker/chunker.go:23.47,25.18 2 1
github.com/maxim-programmer/reimagined-journey/backend/internal/chunker/chunker.go:25.18,27.4 1 1
github.com/maxim-programmer/reimagined-journey/backend/internal/chunker/chunker.go:28.3,29.19 2 1
github.com/maxim-programmer/reimagined-journey/backend/internal/chunker/chunker.go:29.19,30.9 1 1
github.com/maxim-programmer/reimagined-journey/backend/internal/chunker/chunker.go:34.2,34.15 1 1
github.com/maxim-programmer/reimagined-journey/backend/internal/chunker/chunker.go:37.55,42.29 4 0
github.com/maxim-programmer/reimagined-journey/backend/internal/chunker/chunker.go:42.29,45.17 3 0
github.com/maxim-programmer/reimagined-journey/backend/internal/chunker/chunker.go:45.17,46.12 1 0
github.com/maxim-programmer/reimagined-journey/backend/internal/chunker/chunker.go:49.3,49.48 1 0
github.com/maxim-programmer/reimagined-journey/backend/internal/chunker/chunker.go:49.48,51.19 2 0
github.com/maxim-programmer/reimagined-journey/backend/internal/chunker/chunker.go:51.19,53.5 1 0
github.com/maxim-programmer/reimagined-journey/backend/internal/chunker/chunker.go:54.4,60.20 3 0
github.com/maxim-programmer/reimagined-journey/backend/internal/chunker/chunker.go:60.20,61.10 1 0
github.com/maxim-programmer/reimagined-journey/backend/internal/chunker/chunker.go:66.2,66.15 1 0
github.com/maxim-programmer/reimagined-journey/backend/internal/service/auth.go:34.73,36.2 1 0
github.com/maxim-programmer/reimagined-journey/backend/internal/service/auth.go:38.98,40.16 2 0
github.com/maxim-programmer/reimagined-journey/backend/internal/service/auth.go:40.16,42.3 1 0
github.com/maxim-programmer/reimagined-journey/backend/internal/service/auth.go:43.2,43.21 1 0
github.com/maxim-programmer/reimagined-journey/backend/internal/service/auth.go:43.21,45.3 1 0
github.com/maxim-programmer/reimagined-journey/backend/internal/service/auth.go:47.2,48.16 2 0
github.com/maxim-programmer/reimagined-journey/backend/internal/service/auth.go:48.16,50.3 1 0
github.com/maxim-programmer/reimagined-journey/backend/internal/service/auth.go:52.2,59.50 2 0
github.com/maxim-programmer/reimagined-journey/backend/internal/service/auth.go:59.50,61.3 1 0
github.com/maxim-programmer/reimagined-journey/backend/internal/service/auth.go:63.2,63.18 1 0
github.com/maxim-programmer/reimagined-journey/backend/internal/service/auth.go:66.103,68.16 2 0
github.com/maxim-programmer/reimagined-journey/backend/internal/service/auth.go:68.16,70.3 1 0
github.com/maxim-programmer/reimagined-journey/backend/internal/service/auth.go:71.2,71.17 1 0
github.com/maxim-programmer/reimagined-journey/backend/internal/service/auth.go:71.17,73.3 1 0
github.com/maxim-programmer/reimagined-journey/backend/internal/service/auth.go:75.2,75.99 1 0
github.com/maxim-programmer/reimagined-journey/backend/internal/service/auth.go:75.99,77.3 1 0
github.com/maxim-programmer/reimagined-journey/backend/internal/service/auth.go:79.2,80.16 2 0
github.com/maxim-programmer/reimagined-journey/backend/internal/service/auth.go:80.16,82.3 1 0
github.com/maxim-programmer/reimagined-journey/backend/internal/service/auth.go:84.2,84.79 1 0
github.com/maxim-programmer/reimagined-journey/backend/internal/service/auth.go:84.79,86.3 1 0
github.com/maxim-programmer/reimagined-journey/backend/internal/service/auth.go:88.2,88.25 1 0
github.com/maxim-programmer/reimagined-journey/backend/internal/service/auth.go:91.71,93.2 1 0
github.com/maxim-programmer/reimagined-journey/backend/internal/service/auth.go:95.94,97.16 2 0
github.com/maxim-programmer/reimagined-journey/backend/internal/service/auth.go:97.16,99.3 1 0
github.com/maxim-programmer/reimagined-journey/backend/internal/service/auth.go:100.2,100.18 1 0
github.com/maxim-programmer/reimagined-journey/backend/internal/service/auth.go:100.18,102.3 1 0
github.com/maxim-programmer/reimagined-journey/backend/internal/service/auth.go:103.2,103.37 1 0
github.com/maxim-programmer/reimagined-journey/backend/internal/service/auth.go:106.38,108.40 2 0
github.com/maxim-programmer/reimagined-journey/backend/internal/service/auth.go:108.40,110.3 1 0
github.com/maxim-programmer/reimagined-journey/backend/internal/service/auth.go:111.2,111.35 1 0
github.com/maxim-programmer/reimagined-journey/backend/internal/service/document.go:40.187,49.2 1 0
github.com/maxim-programmer/reimagined-journey/backend/internal/service/document.go:51.156,53.16 2 0
github.com/maxim-programmer/reimagined-journey/backend/internal/service/document.go:53.16,55.3 1 0
github.com/maxim-programmer/reimagined-journey/backend/internal/service/document.go:57.2,70.48 3 0
github.com/maxim-programmer/reimagined-journey/backend/internal/service/document.go:70.48,72.3 1 0
github.com/maxim-programmer/reimagined-journey/backend/internal/service/document.go:74.2,74.20 1 0
github.com/maxim-programmer/reimagined-journey/backend/internal/service/document.go:74.20,76.25 2 0
github.com/maxim-programmer/reimagined-journey/backend/internal/service/document.go:76.25,78.4 1 0
github.com/maxim-programmer/reimagined-journey/backend/internal/service/document.go:80.3,80.62 1 0
github.com/maxim-programmer/reimagined-journey/backend/internal/service/document.go:80.62,82.4 1 0
github.com/maxim-programmer/reimagined-journey/backend/internal/service/document.go:84.3,84.32 1 0
github.com/maxim-programmer/reimagined-journey/backend/internal/service/document.go:84.32,94.60 3 0
github.com/maxim-programmer/reimagined-journey/backend/internal/service/document.go:94.60,96.5 1 0
github.com/maxim-programmer/reimagined-journey/backend/internal/service/document.go:100.2,100.17 1 0
github.com/maxim-programmer/reimagined-journey/backend/internal/service/document.go:103.103,105.16 2 0
github.com/maxim-programmer/reimagined-journey/backend/internal/service/document.go:105.16,107.3 1 0
github.com/maxim-programmer/reimagined-journey/backend/internal/service/document.go:108.2,108.18 1 0
github.com/maxim-programmer/reimagined-journey/backend/internal/service/document.go:111.104,113.16 2 0
github.com/maxim-programmer/reimagined-journey/backend/internal/service/document.go:113.16,115.3 1 0
github.com/maxim-programmer/reimagined-journey/backend/internal/service/document.go:116.2,116.17 1 0
github.com/maxim-programmer/reimagined-journey/backend/internal/service/document.go:119.88,121.16 2 0
github.com/maxim-programmer/reimagined-journey/backend/internal/service/document.go:121.16,123.3 1 0
github.com/maxim-programmer/reimagined-journey/backend/internal/service/document.go:124.2,124.16 1 0
github.com/maxim-programmer/reimagined-journey/backend/internal/service/document.go:124.16,126.3 1 0
github.com/maxim-programmer/reimagined-journey/backend/internal/service/document.go:128.2,128.61 1 0
github.com/maxim-programmer/reimagined-journey/backend/internal/service/document.go:128.61,130.3 1 0
github.com/maxim-programmer/reimagined-journey/backend/internal/service/document.go:132.2,132.55 1 0
github.com/maxim-programmer/reimagined-journey/backend/internal/service/document.go:132.55,134.3 1 0
github.com/maxim-programmer/reimagined-journey/backend/internal/service/document.go:136.2,138.67 3 0
github.com/maxim-programmer/reimagined-journey/backend/internal/service/document.go:138.67,140.3 1 0
github.com/maxim-programmer/reimagined-journey/backend/internal/service/document.go:142.2,142.12 1 0
github.com/maxim-programmer/reimagined-journey/backend/internal/service/document.go:145.106,146.17 1 0
github.com/maxim-programmer/reimagined-journey/backend/internal/service/document.go:146.17,148.3 1 0
github.com/maxim-programmer/reimagined-journey/backend/internal/service/document.go:150.2,154.16 4 0
github.com/maxim-programmer/reimagined-journey/backend/internal/service/document.go:154.16,156.3 1 0
github.com/maxim-programmer/reimagined-journey/backend/internal/service/document.go:158.2,159.9 2 0
github.com/maxim-programmer/reimagined-journey/backend/internal/service/document.go:159.9,162.3 2 0
github.com/maxim-programmer/reimagined-journey/backend/internal/service/document.go:162.8,164.17 2 0
github.com/maxim-programmer/reimagined-journey/backend/internal/service/document.go:164.17,166.4 1 0
github.com/maxim-programmer/reimagined-journey/backend/internal/service/document.go:167.3,167.81 1 0
github.com/maxim-programmer/reimagined-journey/backend/internal/service/document.go:167.81,169.4 1 0
github.com/maxim-programmer/reimagined-journey/backend/internal/service/document.go:172.2,172.42 1 0
github.com/maxim-programmer/reimagined-journey/backend/internal/service/document.go:172.42,173.69 1 0
github.com/maxim-programmer/reimagined-journey/backend/internal/service/document.go:173.69,175.4 1 0
github.com/maxim-programmer/reimagined-journey/backend/internal/service/document.go:178.2,178.18 1 0
github.com/maxim-programmer/reimagined-journey/backend/internal/service/search_history.go:22.76,24.2 1 0
github.com/maxim-programmer/reimagined-journey/backend/internal/service/search_history.go:26.85,27.55 1 0
github.com/maxim-programmer/reimagined-journey/backend/internal/service/search_history.go:27.55,29.3 1 0
github.com/maxim-programmer/reimagined-journey/backend/internal/service/search_history.go:30.2,30.12 1 0
github.com/maxim-programmer/reimagined-journey/backend/internal/service/search_history.go:33.111,35.16 2 0
github.com/maxim-programmer/reimagined-journey/backend/internal/service/search_history.go:35.16,37.3 1 0
github.com/maxim-programmer/reimagined-journey/backend/internal/service/search_history.go:38.2,38.19 1 0
github.com/maxim-programmer/reimagined-journey/backend/internal/service/search_history.go:41.87,42.57 1 0
github.com/maxim-programmer/reimagined-journey/backend/internal/service/search_history.go:42.57,44.3 1 0
github.com/maxim-programmer/reimagined-journey/backend/internal/service/search_history.go:45.2,45.12 1 0
github.com/maxim-programmer/reimagined-journey/backend/internal/extractor/extractor.go:14.72,15.18 1 1
github.com/maxim-programmer/reimagined-journey/backend/internal/extractor/extractor.go:16.25,17.35 1 1
github.com/maxim-programmer/reimagined-journey/backend/internal/extractor/extractor.go:18.81,19.36 1 0
github.com/maxim-programmer/reimagined-journey/backend/internal/extractor/extractor.go:20.10,21.64 1 1
github.com/maxim-programmer/reimagined-journey/backend/internal/extractor/extractor.go:25.61,27.16 2 1
github.com/maxim-programmer/reimagined-journey/backend/internal/extractor/extractor.go:27.16,29.3 1 1
github.com/maxim-programmer/reimagined-journey/backend/internal/extractor/extractor.go:30.2,31.26 2 0
github.com/maxim-programmer/reimagined-journey/backend/internal/extractor/extractor.go:31.26,32.19 1 0
github.com/maxim-programmer/reimagined-journey/backend/internal/extractor/extractor.go:32.19,34.4 1 0
github.com/maxim-programmer/reimagined-journey/backend/internal/extractor/extractor.go:36.2,36.39 1 0
github.com/maxim-programmer/reimagined-journey/backend/internal/extractor/extractor.go:39.65,41.16 2 1
github.com/maxim-programmer/reimagined-journey/backend/internal/extractor/extractor.go:41.16,43.3 1 1
github.com/maxim-programmer/reimagined-journey/backend/internal/extractor/extractor.go:44.2,48.35 4 0
github.com/maxim-programmer/reimagined-journey/backend/internal/extractor/extractor.go:48.35,50.22 2 0
github.com/maxim-programmer/reimagined-journey/backend/internal/extractor/extractor.go:50.22,51.12 1 0
github.com/maxim-programmer/reimagined-journey/backend/internal/extractor/extractor.go:53.3,54.17 2 0
github.com/maxim-programmer/reimagined-journey/backend/internal/extractor/extractor.go:54.17,55.12 1 0
github.com/maxim-programmer/reimagined-journey/backend/internal/extractor/extractor.go:57.3,58.17 2 0
github.com/maxim-programmer/reimagined-journey/backend/internal/extractor/extractor.go:58.17,63.4 1 0
github.com/maxim-programmer/reimagined-journey/backend/internal/extractor/extractor.go:65.2,65.19 1 0
github.com/maxim-programmer/reimagined-journey/backend/internal/extractor/extractor.go:84.66,86.16 2 0
github.com/maxim-programmer/reimagined-journey/backend/internal/extractor/extractor.go:86.16,88.3 1 0
github.com/maxim-programmer/reimagined-journey/backend/internal/extractor/extractor.go:89.2,92.28 3 0
github.com/maxim-programmer/reimagined-journey/backend/internal/extractor/extractor.go:92.28,93.36 1 0
github.com/maxim-programmer/reimagined-journey/backend/internal/extractor/extractor.go:93.36,95.9 2 0
github.com/maxim-programmer/reimagined-journey/backend/internal/extractor/extractor.go:98.2,98.20 1 0
github.com/maxim-programmer/reimagined-journey/backend/internal/extractor/extractor.go:98.20,100.3 1 0
github.com/maxim-programmer/reimagined-journey/backend/internal/extractor/extractor.go:102.2,103.16 2 0
github.com/maxim-programmer/reimagined-journey/backend/internal/extractor/extractor.go:103.16,105.3 1 0
github.com/maxim-programmer/reimagined-journey/backend/internal/extractor/extractor.go:106.2,109.16 3 0
github.com/maxim-programmer/reimagined-journey/backend/internal/extractor/extractor.go:109.16,111.3 1 0
github.com/maxim-programmer/reimagined-journey/backend/internal/extractor/extractor.go:113.2,114.50 2 0
github.com/maxim-programmer/reimagined-journey/backend/internal/extractor/extractor.go:114.50,116.3 1 0
github.com/maxim-programmer/reimagined-journey/backend/internal/extractor/extractor.go:118.2,119.43 2 0
github.com/maxim-programmer/reimagined-journey/backend/internal/extractor/extractor.go:119.43,121.33 2 0
github.com/maxim-programmer/reimagined-journey/backend/internal/extractor/extractor.go:121.33,123.4 1 0
github.com/maxim-programmer/reimagined-journey/backend/internal/extractor/extractor.go:124.3,125.17 2 0
github.com/maxim-programmer/reimagined-journey/backend/internal/extractor/extractor.go:125.17,126.20 1 0
github.com/maxim-programmer/reimagined-journey/backend/internal/extractor/extractor.go:126.20,128.5 1 0
github.com/maxim-programmer/reimagined-journey/backend/internal/extractor/extractor.go:129.4,129.24 1 0
github.com/maxim-programmer/reimagined-journey/backend/internal/extractor/extractor.go:133.2,134.20 2 0
github.com/maxim-programmer/reimagined-journey/backend/internal/extractor/extractor.go:134.20,136.3 1 0
github.com/maxim-programmer/reimagined-journey/backend/internal/extractor/extractor.go:138.2,140.8 1 0
github.com/maxim-programmer/reimagined-journey/backend/internal/repository/chunk.go:16.60,18.2 1 0
github.com/maxim-programmer/reimagined-journey/backend/internal/repository/chunk.go:20.88,21.22 1 0
github.com/maxim-programmer/reimagined-journey/backend/internal/repository/chunk.go:21.22,23.3 1 0
github.com/maxim-programmer/reimagined-journey/backend/internal/repository/chunk.go:25.2,26.27 2 0
github.com/maxim-programmer/reimagined-journey/backend/internal/repository/chunk.go:26.27,28.3 1 0
github.com/maxim-programmer/reimagined-journey/backend/internal/repository/chunk.go:30.2,36.16 2 0
github.com/maxim-programmer/reimagined-journey/backend/internal/repository/chunk.go:36.16,38.3 1 0
github.com/maxim-programmer/reimagined-journey/backend/internal/repository/chunk.go:40.2,40.12 1 0
github.com/maxim-programmer/reimagined-journey/backend/internal/repository/chunk.go:43.105,51.16 2 0
github.com/maxim-programmer/reimagined-journey/backend/internal/repository/chunk.go:51.16,53.3 1 0
github.com/maxim-programmer/reimagined-journey/backend/internal/repository/chunk.go:54.2,57.18 3 0
github.com/maxim-programmer/reimagined-journey/backend/internal/repository/chunk.go:57.18,59.113 2 0
github.com/maxim-programmer/reimagined-journey/backend/internal/repository/chunk.go:59.113,61.4 1 0
github.com/maxim-programmer/reimagined-journey/backend/internal/repository/chunk.go:62.3,62.29 1 0
github.com/maxim-programmer/reimagined-journey/backend/internal/repository/chunk.go:64.2,64.27 1 0
github.com/maxim-programmer/reimagined-journey/backend/internal/repository/db.go:10.55,12.16 2 0
github.com/maxim-programmer/reimagined-journey/backend/internal/repository/db.go:12.16,14.3 1 0
github.com/maxim-programmer/reimagined-journey/backend/internal/repository/db.go:15.2,15.56 1 0
github.com/maxim-programmer/reimagined-journey/backend/internal/repository/db.go:15.56,17.3 1 0
github.com/maxim-programmer/reimagined-journey/backend/internal/repository/db.go:18.2,18.18 1 0
github.com/maxim-programmer/reimagined-journey/backend/internal/repository/db.go:21.65,30.16 2 0
github.com/maxim-programmer/reimagined-journey/backend/internal/repository/db.go:30.16,32.3 1 0
github.com/maxim-programmer/reimagined-journey/backend/internal/repository/db.go:34.2,46.16 2 0
github.com/maxim-programmer/reimagined-journey/backend/internal/repository/db.go:46.16,48.3 1 0
github.com/maxim-programmer/reimagined-journey/backend/internal/repository/db.go:50.2,53.16 2 0
github.com/maxim-programmer/reimagined-journey/backend/internal/repository/db.go:53.16,55.3 1 0
github.com/maxim-programmer/reimagined-journey/backend/internal/repository/db.go:57.2,60.16 2 0
github.com/maxim-programmer/reimagined-journey/backend/internal/repository/db.go:60.16,62.3 1 0
github.com/maxim-programmer/reimagined-journey/backend/internal/repository/db.go:64.2,67.16 2 0
github.com/maxim-programmer/reimagined-journey/backend/internal/repository/db.go:67.16,69.3 1 0
github.com/maxim-programmer/reimagined-journey/backend/internal/repository/db.go:71.2,81.16 2 0
github.com/maxim-programmer/reimagined-journey/backend/internal/repository/db.go:81.16,83.3 1 0
github.com/maxim-programmer/reimagined-journey/backend/internal/repository/db.go:85.2,88.16 2 0
github.com/maxim-programmer/reimagined-journey/backend/internal/repository/db.go:88.16,90.3 1 0
github.com/maxim-programmer/reimagined-journey/backend/internal/repository/db.go:92.2,95.16 2 0
github.com/maxim-programmer/reimagined-journey/backend/internal/repository/db.go:95.16,97.3 1 0
github.com/maxim-programmer/reimagined-journey/backend/internal/repository/db.go:99.2,107.16 2 0
github.com/maxim-programmer/reimagined-journey/backend/internal/repository/db.go:107.16,109.3 1 0
github.com/maxim-programmer/reimagined-journey/backend/internal/repository/db.go:111.2,114.16 2 0
github.com/maxim-programmer/reimagined-journey/backend/internal/repository/db.go:114.16,116.3 1 0
github.com/maxim-programmer/reimagined-journey/backend/internal/repository/db.go:118.2,118.12 1 0
github.com/maxim-programmer/reimagined-journey/backend/internal/repository/document.go:16.66,18.2 1 0
github.com/maxim-programmer/reimagined-journey/backend/internal/repository/document.go:20.85,26.16 2 0
github.com/maxim-programmer/reimagined-journey/backend/internal/repository/document.go:26.16,28.3 1 0
github.com/maxim-programmer/reimagined-journey/backend/internal/repository/document.go:29.2,29.12 1 0
github.com/maxim-programmer/reimagined-journey/backend/internal/repository/document.go:32.97,38.16 2 0
github.com/maxim-programmer/reimagined-journey/backend/internal/repository/document.go:38.16,40.3 1 0
github.com/maxim-programmer/reimagined-journey/backend/internal/repository/document.go:41.2,44.18 3 0
github.com/maxim-programmer/reimagined-journey/backend/internal/repository/document.go:44.18,46.136 2 0
github.com/maxim-programmer/reimagined-journey/backend/internal/repository/document.go:46.136,48.4 1 0
github.com/maxim-programmer/reimagined-journey/backend/internal/repository/document.go:49.3,49.25 1 0
github.com/maxim-programmer/reimagined-journey/backend/internal/repository/document.go:51.2,51.25 1 0
github.com/maxim-programmer/reimagined-journey/backend/internal/repository/document.go:54.103,61.26 3 0
github.com/maxim-programmer/reimagined-journey/backend/internal/repository/document.go:61.26,63.3 1 0
github.com/maxim-programmer/reimagined-journey/backend/internal/repository/document.go:64.2,64.16 1 0
github.com/maxim-programmer/reimagined-journey/backend/internal/repository/document.go:64.16,66.3 1 0
github.com/maxim-programmer/reimagined-journey/backend/internal/repository/document.go:67.2,67.16 1 0
github.com/maxim-programmer/reimagined-journey/backend/internal/repository/document.go:70.83,72.16 2 0
github.com/maxim-programmer/reimagined-journey/backend/internal/repository/document.go:72.16,74.3 1 0
github.com/maxim-programmer/reimagined-journey/backend/internal/repository/document.go:75.2,75.29 1 0
github.com/maxim-programmer/reimagined-journey/backend/internal/repository/document.go:75.29,77.3 1 0
github.com/maxim-programmer/reimagined-journey/backend/internal/repository/document.go:78.2,78.12 1 0
github.com/maxim-programmer/reimagined-journey/backend/internal/repository/search_history.go:15.76,17.2 1 0
github.com/maxim-programmer/reimagined-journey/backend/internal/repository/search_history.go:19.88,24.16 2 0
github.com/maxim-programmer/reimagined-journey/backend/internal/repository/search_history.go:24.16,26.3 1 0
github.com/maxim-programmer/reimagined-journey/backend/internal/repository/search_history.go:27.2,27.12 1 0
github.com/maxim-programmer/reimagined-journey/backend/internal/repository/search_history.go:30.124,39.16 2 0
github.com/maxim-programmer/reimagined-journey/backend/internal/repository/search_history.go:39.16,41.3 1 0
github.com/maxim-programmer/reimagined-journey/backend/internal/repository/search_history.go:42.2,45.18 3 0
github.com/maxim-programmer/reimagined-journey/backend/internal/repository/search_history.go:45.18,47.77 2 0
github.com/maxim-programmer/reimagined-journey/backend/internal/repository/search_history.go:47.77,49.4 1 0
github.com/maxim-programmer/reimagined-journey/backend/internal/repository/search_history.go:50.3,50.27 1 0
github.com/maxim-programmer/reimagined-journey/backend/internal/repository/search_history.go:52.2,52.26 1 0
github.com/maxim-programmer/reimagined-journey/backend/internal/repository/search_history.go:55.90,60.16 2 0
github.com/maxim-programmer/reimagined-journey/backend/internal/repository/search_history.go:60.16,62.3 1 0
github.com/maxim-programmer/reimagined-journey/backend/internal/repository/search_history.go:63.2,63.12 1 0
github.com/maxim-programmer/reimagined-journey/backend/internal/repository/user.go:16.58,18.2 1 0
github.com/maxim-programmer/reimagined-journey/backend/internal/repository/user.go:20.78,26.16 2 0
github.com/maxim-programmer/reimagined-journey/backend/internal/repository/user.go:26.16,28.3 1 0
github.com/maxim-programmer/reimagined-journey/backend/internal/repository/user.go:29.2,29.12 1 0
github.com/maxim-programmer/reimagined-journey/backend/internal/repository/user.go:32.93,38.26 3 0
github.com/maxim-programmer/reimagined-journey/backend/internal/repository/user.go:38.26,40.3 1 0
github.com/maxim-programmer/reimagined-journey/backend/internal/repository/user.go:41.2,41.16 1 0
github.com/maxim-programmer/reimagined-journey/backend/internal/repository/user.go:41.16,43.3 1 0
github.com/maxim-programmer/reimagined-journey/backend/internal/repository/user.go:44.2,44.16 1 0
github.com/maxim-programmer/reimagined-journey/backend/internal/repository/user.go:47.87,53.26 3 0
github.com/maxim-programmer/reimagined-journey/backend/internal/repository/user.go:53.26,55.3 1 0
github.com/maxim-programmer/reimagined-journey/backend/internal/repository/user.go:56.2,56.16 1 0
github.com/maxim-programmer/reimagined-journey/backend/internal/repository/user.go:56.16,58.3 1 0
github.com/maxim-programmer/reimagined-journey/backend/internal/repository/user.go:59.2,59.16 1 0
github.com/maxim-programmer/reimagined-journey/backend/internal/handler/auth.go:25.51,27.2 1 0
github.com/maxim-programmer/reimagined-journey/backend/internal/handler/auth.go:34.72,36.61 2 0
github.com/maxim-programmer/reimagined-journey/backend/internal/handler/auth.go:36.61,39.3 2 0
github.com/maxim-programmer/reimagined-journey/backend/internal/handler/auth.go:41.2,42.43 2 0
github.com/maxim-programmer/reimagined-journey/backend/internal/handler/auth.go:42.43,45.3 2 0
github.com/maxim-programmer/reimagined-journey/backend/internal/handler/auth.go:46.2,46.27 1 0
github.com/maxim-programmer/reimagined-journey/backend/internal/handler/auth.go:46.27,49.3 2 0
github.com/maxim-programmer/reimagined-journey/backend/internal/handler/auth.go:51.2,52.16 2 0
github.com/maxim-programmer/reimagined-journey/backend/internal/handler/auth.go:52.16,53.53 1 0
github.com/maxim-programmer/reimagined-journey/backend/internal/handler/auth.go:53.53,56.4 2 0
github.com/maxim-programmer/reimagined-journey/backend/internal/handler/auth.go:57.3,59.9 3 0
github.com/maxim-programmer/reimagined-journey/backend/internal/handler/auth.go:62.2,62.40 1 0
github.com/maxim-programmer/reimagined-journey/backend/internal/handler/auth.go:65.69,67.61 2 0
github.com/maxim-programmer/reimagined-journey/backend/internal/handler/auth.go:67.61,70.3 2 0
github.com/maxim-programmer/reimagined-journey/backend/internal/handler/auth.go:72.2,73.16 2 0
github.com/maxim-programmer/reimagined-journey/backend/internal/handler/auth.go:73.16,74.59 1 0
github.com/maxim-programmer/reimagined-journey/backend/internal/handler/auth.go:74.59,77.4 2 0
github.com/maxim-programmer/reimagined-journey/backend/internal/handler/auth.go:78.3,80.9 3 0
github.com/maxim-programmer/reimagined-journey/backend/internal/handler/auth.go:83.2,86.4 1 0
github.com/maxim-programmer/reimagined-journey/backend/internal/handler/auth.go:89.70,92.17 3 0
github.com/maxim-programmer/reimagined-journey/backend/internal/handler/auth.go:92.17,95.3 2 0
github.com/maxim-programmer/reimagined-journey/backend/internal/handler/auth.go:97.2,97.57 1 0
github.com/maxim-programmer/reimagined-journey/backend/internal/handler/auth.go:97.57,99.3 1 0
github.com/maxim-programmer/reimagined-journey/backend/internal/handler/auth.go:101.2,101.64 1 0
github.com/maxim-programmer/reimagined-journey/backend/internal/handler/auth.go:104.66,106.18 2 0
github.com/maxim-programmer/reimagined-journey/backend/internal/handler/auth.go:106.18,109.3 2 0
github.com/maxim-programmer/reimagined-journey/backend/internal/handler/auth.go:111.2,115.31 4 0
github.com/maxim-programmer/reimagined-journey/backend/internal/handler/auth.go:115.31,118.3 2 0
github.com/maxim-programmer/reimagined-journey/backend/internal/handler/auth.go:120.2,120.35 1 0
github.com/maxim-programmer/reimagined-journey/backend/internal/handler/document.go:44.81,45.53 1 0
github.com/maxim-programmer/reimagined-journey/backend/internal/handler/document.go:45.53,47.3 1 0
github.com/maxim-programmer/reimagined-journey/backend/internal/handler/document.go:48.2,48.57 1 0
github.com/maxim-programmer/reimagined-journey/backend/internal/handler/document.go:51.61,55.2 3 0
github.com/maxim-programmer/reimagined-journey/backend/internal/handler/document.go:57.68,59.2 1 0
github.com/maxim-programmer/reimagined-journey/backend/internal/handler/document.go:61.60,62.13 1 1
github.com/maxim-programmer/reimagined-journey/backend/internal/handler/document.go:63.14,64.54 1 1
github.com/maxim-programmer/reimagined-journey/backend/internal/handler/document.go:64.54,66.4 1 1
github.com/maxim-programmer/reimagined-journey/backend/internal/handler/document.go:67.15,68.54 1 1
github.com/maxim-programmer/reimagined-journey/backend/internal/handler/document.go:68.54,70.4 1 1
github.com/maxim-programmer/reimagined-journey/backend/internal/handler/document.go:72.2,72.18 1 1
github.com/maxim-programmer/reimagined-journey/backend/internal/handler/document.go:75.74,77.18 2 0
github.com/maxim-programmer/reimagined-journey/backend/internal/handler/document.go:77.18,80.3 2 0
github.com/maxim-programmer/reimagined-journey/backend/internal/handler/document.go:82.2,82.58 1 0
github.com/maxim-programmer/reimagined-journey/backend/internal/handler/document.go:82.58,85.3 2 0
github.com/maxim-programmer/reimagined-journey/backend/internal/handler/document.go:87.2,88.16 2 0
github.com/maxim-programmer/reimagined-journey/backend/internal/handler/document.go:88.16,91.3 2 0
github.com/maxim-programmer/reimagined-journey/backend/internal/handler/document.go:92.2,94.31 2 0
github.com/maxim-programmer/reimagined-journey/backend/internal/handler/document.go:94.31,97.3 2 0
github.com/maxim-programmer/reimagined-journey/backend/internal/handler/document.go:99.2,100.42 2 0
github.com/maxim-programmer/reimagined-journey/backend/internal/handler/document.go:100.42,103.3 2 0
github.com/maxim-programmer/reimagined-journey/backend/internal/handler/document.go:105.2,107.33 3 0
github.com/maxim-programmer/reimagined-journey/backend/internal/handler/document.go:107.33,110.3 2 0
github.com/maxim-programmer/reimagined-journey/backend/internal/handler/document.go:112.2,113.9 2 0
github.com/maxim-programmer/reimagined-journey/backend/internal/handler/document.go:113.9,116.3 2 0
github.com/maxim-programmer/reimagined-journey/backend/internal/handler/document.go:118.2,118.54 1 0
github.com/maxim-programmer/reimagined-journey/backend/internal/handler/document.go:118.54,121.3 2 0
github.com/maxim-programmer/reimagined-journey/backend/internal/handler/document.go:123.2,124.16 2 0
github.com/maxim-programmer/reimagined-journey/backend/internal/handler/document.go:124.16,128.3 3 0
github.com/maxim-programmer/reimagined-journey/backend/internal/handler/document.go:129.2,131.46 2 0
github.com/maxim-programmer/reimagined-journey/backend/internal/handler/document.go:131.46,137.3 5 0
github.com/maxim-programmer/reimagined-journey/backend/internal/handler/document.go:138.2,141.16 3 0
github.com/maxim-programmer/reimagined-journey/backend/internal/handler/document.go:141.16,146.3 4 0
github.com/maxim-programmer/reimagined-journey/backend/internal/handler/document.go:148.2,149.54 2 0
github.com/maxim-programmer/reimagined-journey/backend/internal/handler/document.go:149.54,151.3 1 0
github.com/maxim-programmer/reimagined-journey/backend/internal/handler/document.go:153.2,153.39 1 0
github.com/maxim-programmer/reimagined-journey/backend/internal/handler/document.go:156.72,158.18 2 0
github.com/maxim-programmer/reimagined-journey/backend/internal/handler/document.go:158.18,161.3 2 0
github.com/maxim-programmer/reimagined-journey/backend/internal/handler/document.go:163.2,164.16 2 0
github.com/maxim-programmer/reimagined-journey/backend/internal/handler/document.go:164.16,168.3 3 0
github.com/maxim-programmer/reimagined-journey/backend/internal/handler/document.go:169.2,169.17 1 0
github.com/maxim-programmer/reimagined-journey/backend/internal/handler/document.go:169.17,171.3 1 0
github.com/maxim-programmer/reimagined-journey/backend/internal/handler/document.go:172.2,172.35 1 0
github.com/maxim-programmer/reimagined-journey/backend/internal/handler/document.go:175.71,177.14 2 0
github.com/maxim-programmer/reimagined-journey/backend/internal/handler/document.go:177.14,180.3 2 0
github.com/maxim-programmer/reimagined-journey/backend/internal/handler/document.go:182.2,183.18 2 0
github.com/maxim-programmer/reimagined-journey/backend/internal/handler/document.go:183.18,186.3 2 0
github.com/maxim-programmer/reimagined-journey/backend/internal/handler/document.go:188.2,189.16 2 0
github.com/maxim-programmer/reimagined-journey/backend/internal/handler/document.go:189.16,193.3 3 0
github.com/maxim-programmer/reimagined-journey/backend/internal/handler/document.go:194.2,194.16 1 0
github.com/maxim-programmer/reimagined-journey/backend/internal/handler/document.go:194.16,197.3 2 0
github.com/maxim-programmer/reimagined-journey/backend/internal/handler/document.go:199.2,199.34 1 0
github.com/maxim-programmer/reimagined-journey/backend/internal/handler/document.go:202.74,204.14 2 0
github.com/maxim-programmer/reimagined-journey/backend/internal/handler/document.go:204.14,207.3 2 0
github.com/maxim-programmer/reimagined-journey/backend/internal/handler/document.go:209.2,210.18 2 0
github.com/maxim-programmer/reimagined-journey/backend/internal/handler/document.go:210.18,213.3 2 0
github.com/maxim-programmer/reimagined-journey/backend/internal/handler/document.go:215.2,216.16 2 0
github.com/maxim-programmer/reimagined-journey/backend/internal/handler/document.go:216.16,220.3 3 0
github.com/maxim-programmer/reimagined-journey/backend/internal/handler/document.go:221.2,221.16 1 0
github.com/maxim-programmer/reimagined-journey/backend/internal/handler/document.go:221.16,224.3 2 0
github.com/maxim-programmer/reimagined-journey/backend/internal/handler/document.go:226.2,226.70 1 0
github.com/maxim-programmer/reimagined-journey/backend/internal/handler/document.go:226.70,230.3 3 0
github.com/maxim-programmer/reimagined-journey/backend/internal/handler/document.go:232.2,232.64 1 0
github.com/maxim-programmer/reimagined-journey/backend/internal/handler/document.go:235.74,237.17 2 0
github.com/maxim-programmer/reimagined-journey/backend/internal/handler/document.go:237.17,240.3 2 0
github.com/maxim-programmer/reimagined-journey/backend/internal/handler/document.go:242.2,243.18 2 0
github.com/maxim-programmer/reimagined-journey/backend/internal/handler/document.go:243.18,246.3 2 0
github.com/maxim-programmer/reimagined-journey/backend/internal/handler/document.go:248.2,249.16 2 0
github.com/maxim-programmer/reimagined-journey/backend/internal/handler/document.go:249.16,253.3 3 0
github.com/maxim-programmer/reimagined-journey/backend/internal/handler/document.go:255.2,255.35 1 0
github.com/maxim-programmer/reimagined-journey/backend/internal/handler/search_history.go:21.78,23.2 1 0
github.com/maxim-programmer/reimagined-journey/backend/internal/handler/search_history.go:25.77,27.18 2 0
github.com/maxim-programmer/reimagined-journey/backend/internal/handler/search_history.go:27.18,30.3 2 0
github.com/maxim-programmer/reimagined-journey/backend/internal/handler/search_history.go:32.2,33.16 2 0
github.com/maxim-programmer/reimagined-journey/backend/internal/handler/search_history.go:33.16,37.3 3 0
github.com/maxim-programmer/reimagined-journey/backend/internal/handler/search_history.go:39.2,39.18 1 0
github.com/maxim-programmer/reimagined-journey/backend/internal/handler/search_history.go:39.18,41.3 1 0
github.com/maxim-programmer/reimagined-journey/backend/internal/handler/search_history.go:43.2,43.36 1 0
github.com/maxim-programmer/reimagined-journey/backend/internal/handler/search_history.go:46.78,48.18 2 0
github.com/maxim-programmer/reimagined-journey/backend/internal/handler/search_history.go:48.18,51.3 2 0
github.com/maxim-programmer/reimagined-journey/backend/internal/handler/search_history.go:53.2,53.64 1 0
github.com/maxim-programmer/reimagined-journey/backend/internal/handler/search_history.go:53.64,57.3 3 0
github.com/maxim-programmer/reimagined-journey/backend/internal/handler/search_history.go:59.2,59.64 1 0
